2021-04-07 11:16:57.177  INFO 9376 --- [main] c.cg.osm.OnlineSweetMartAppApplication   : Starting OnlineSweetMartAppApplication on DESKTOP-0MR8NH0 with PID 9376 (C:\Users\S.JEEVETHA\git\OnlineSweetMartApplication1\OnlineSweetMartApp\bin\main started by S.JEEVETHA in C:\Users\S.JEEVETHA\git\OnlineSweetMartApplication1\OnlineSweetMartApp)
2021-04-07 11:16:57.179  INFO 9376 --- [main] c.cg.osm.OnlineSweetMartAppApplication   : No active profile set, falling back to default profiles: default
2021-04-07 11:16:57.841  INFO 9376 --- [main] .s.d.r.c.RepositoryConfigurationDelegate : Bootstrapping Spring Data JPA repositories in DEFAULT mode.
2021-04-07 11:16:57.952  INFO 9376 --- [main] .s.d.r.c.RepositoryConfigurationDelegate : Finished Spring Data repository scanning in 100ms. Found 9 JPA repository interfaces.
2021-04-07 11:16:58.393  INFO 9376 --- [main] o.s.b.w.embedded.tomcat.TomcatWebServer  : Tomcat initialized with port(s): 9191 (http)
2021-04-07 11:16:58.402  INFO 9376 --- [main] o.apache.catalina.core.StandardService   : Starting service [Tomcat]
2021-04-07 11:16:58.402  INFO 9376 --- [main] org.apache.catalina.core.StandardEngine  : Starting Servlet engine: [Apache Tomcat/9.0.43]
2021-04-07 11:16:58.533  INFO 9376 --- [main] o.a.c.c.C.[Tomcat].[localhost].[/]       : Initializing Spring embedded WebApplicationContext
2021-04-07 11:16:58.533  INFO 9376 --- [main] w.s.c.ServletWebServerApplicationContext : Root WebApplicationContext: initialization completed in 1320 ms
2021-04-07 11:16:58.716  INFO 9376 --- [main] o.hibernate.jpa.internal.util.LogHelper  : HHH000204: Processing PersistenceUnitInfo [name: default]
2021-04-07 11:16:58.761  INFO 9376 --- [main] org.hibernate.Version                    : HHH000412: Hibernate ORM core version 5.4.28.Final
2021-04-07 11:16:58.884  INFO 9376 --- [main] o.hibernate.annotations.common.Version   : HCANN000001: Hibernate Commons Annotations {5.1.2.Final}
2021-04-07 11:16:58.976  INFO 9376 --- [main] com.zaxxer.hikari.HikariDataSource       : HikariPool-1 - Starting...
2021-04-07 11:17:00.039 ERROR 9376 --- [main] com.zaxxer.hikari.pool.HikariPool        : HikariPool-1 - Exception during pool initialization.

org.postgresql.util.PSQLException: FATAL: password authentication failed for user "postgres"
	at org.postgresql.core.v3.ConnectionFactoryImpl.doAuthentication(ConnectionFactoryImpl.java:613) ~[postgresql-42.2.18.jar:42.2.18]
	at org.postgresql.core.v3.ConnectionFactoryImpl.tryConnect(ConnectionFactoryImpl.java:161) ~[postgresql-42.2.18.jar:42.2.18]
	at org.postgresql.core.v3.ConnectionFactoryImpl.openConnectionImpl(ConnectionFactoryImpl.java:213) ~[postgresql-42.2.18.jar:42.2.18]
	at org.postgresql.core.ConnectionFactory.openConnection(ConnectionFactory.java:51) ~[postgresql-42.2.18.jar:42.2.18]
	at org.postgresql.jdbc.PgConnection.<init>(PgConnection.java:225) ~[postgresql-42.2.18.jar:42.2.18]
	at org.postgresql.Driver.makeConnection(Driver.java:465) ~[postgresql-42.2.18.jar:42.2.18]
	at org.postgresql.Driver.connect(Driver.java:264) ~[postgresql-42.2.18.jar:42.2.18]
	at com.zaxxer.hikari.util.DriverDataSource.getConnection(DriverDataSource.java:138) ~[HikariCP-3.4.5.jar:na]
	at com.zaxxer.hikari.pool.PoolBase.newConnection(PoolBase.java:358) ~[HikariCP-3.4.5.jar:na]
	at com.zaxxer.hikari.pool.PoolBase.newPoolEntry(PoolBase.java:206) ~[HikariCP-3.4.5.jar:na]
	at com.zaxxer.hikari.pool.HikariPool.createPoolEntry(HikariPool.java:477) ~[HikariCP-3.4.5.jar:na]
	at com.zaxxer.hikari.pool.HikariPool.checkFailFast(HikariPool.java:560) ~[HikariCP-3.4.5.jar:na]
	at com.zaxxer.hikari.pool.HikariPool.<init>(HikariPool.java:115) ~[HikariCP-3.4.5.jar:na]
	at com.zaxxer.hikari.HikariDataSource.getConnection(HikariDataSource.java:112) ~[HikariCP-3.4.5.jar:na]
	at org.hibernate.engine.jdbc.connections.internal.DatasourceConnectionProviderImpl.getConnection(DatasourceConnectionProviderImpl.java:122) ~[hibernate-core-5.4.28.Final.jar:5.4.28.Final]
	at org.hibernate.engine.jdbc.env.internal.JdbcEnvironmentInitiator$ConnectionProviderJdbcConnectionAccess.obtainConnection(JdbcEnvironmentInitiator.java:180) ~[hibernate-core-5.4.28.Final.jar:5.4.28.Final]
	at org.hibernate.engine.jdbc.env.internal.JdbcEnvironmentInitiator.initiateService(JdbcEnvironmentInitiator.java:68) ~[hibernate-core-5.4.28.Final.jar:5.4.28.Final]
	at org.hibernate.engine.jdbc.env.internal.JdbcEnvironmentInitiator.initiateService(JdbcEnvironmentInitiator.java:35) ~[hibernate-core-5.4.28.Final.jar:5.4.28.Final]
	at org.hibernate.boot.registry.internal.StandardServiceRegistryImpl.initiateService(StandardServiceRegistryImpl.java:101) ~[hibernate-core-5.4.28.Final.jar:5.4.28.Final]
	at org.hibernate.service.internal.AbstractServiceRegistryImpl.createService(AbstractServiceRegistryImpl.java:263) ~[hibernate-core-5.4.28.Final.jar:5.4.28.Final]
	at org.hibernate.service.internal.AbstractServiceRegistryImpl.initializeService(AbstractServiceRegistryImpl.java:237) ~[hibernate-core-5.4.28.Final.jar:5.4.28.Final]
	at org.hibernate.service.internal.AbstractServiceRegistryImpl.getService(AbstractServiceRegistryImpl.java:214) ~[hibernate-core-5.4.28.Final.jar:5.4.28.Final]
	at org.hibernate.id.factory.internal.DefaultIdentifierGeneratorFactory.injectServices(DefaultIdentifierGeneratorFactory.java:152) ~[hibernate-core-5.4.28.Final.jar:5.4.28.Final]
	at org.hibernate.service.internal.AbstractServiceRegistryImpl.injectDependencies(AbstractServiceRegistryImpl.java:286) ~[hibernate-core-5.4.28.Final.jar:5.4.28.Final]
	at org.hibernate.service.internal.AbstractServiceRegistryImpl.initializeService(AbstractServiceRegistryImpl.java:243) ~[hibernate-core-5.4.28.Final.jar:5.4.28.Final]
	at org.hibernate.service.internal.AbstractServiceRegistryImpl.getService(AbstractServiceRegistryImpl.java:214) ~[hibernate-core-5.4.28.Final.jar:5.4.28.Final]
	at org.hibernate.boot.internal.InFlightMetadataCollectorImpl.<init>(InFlightMetadataCollectorImpl.java:176) ~[hibernate-core-5.4.28.Final.jar:5.4.28.Final]
	at org.hibernate.boot.model.process.spi.MetadataBuildingProcess.complete(MetadataBuildingProcess.java:127) ~[hibernate-core-5.4.28.Final.jar:5.4.28.Final]
	at org.hibernate.jpa.boot.internal.EntityManagerFactoryBuilderImpl.metadata(EntityManagerFactoryBuilderImpl.java:1224) ~[hibernate-core-5.4.28.Final.jar:5.4.28.Final]
	at org.hibernate.jpa.boot.internal.EntityManagerFactoryBuilderImpl.build(EntityManagerFactoryBuilderImpl.java:1255) ~[hibernate-core-5.4.28.Final.jar:5.4.28.Final]
	at org.springframework.orm.jpa.vendor.SpringHibernateJpaPersistenceProvider.createContainerEntityManagerFactory(SpringHibernateJpaPersistenceProvider.java:58) ~[spring-orm-5.2.13.RELEASE.jar:5.2.13.RELEASE]
	at org.springframework.orm.jpa.LocalContainerEntityManagerFactoryBean.createNativeEntityManagerFactory(LocalContainerEntityManagerFactoryBean.java:365) ~[spring-orm-5.2.13.RELEASE.jar:5.2.13.RELEASE]
	at org.springframework.orm.jpa.AbstractEntityManagerFactoryBean.buildNativeEntityManagerFactory(AbstractEntityManagerFactoryBean.java:391) ~[spring-orm-5.2.13.RELEASE.jar:5.2.13.RELEASE]
	at org.springframework.orm.jpa.AbstractEntityManagerFactoryBean.afterPropertiesSet(AbstractEntityManagerFactoryBean.java:378) ~[spring-orm-5.2.13.RELEASE.jar:5.2.13.RELEASE]
	at org.springframework.orm.jpa.LocalContainerEntityManagerFactoryBean.afterPropertiesSet(LocalContainerEntityManagerFactoryBean.java:341) ~[spring-orm-5.2.13.RELEASE.jar:5.2.13.RELEASE]
	at org.springframework.beans.factory.support.AbstractAutowireCapableBeanFactory.invokeInitMethods(AbstractAutowireCapableBeanFactory.java:1858) ~[spring-beans-5.2.13.RELEASE.jar:5.2.13.RELEASE]
	at org.springframework.beans.factory.support.AbstractAutowireCapableBeanFactory.initializeBean(AbstractAutowireCapableBeanFactory.java:1795) ~[spring-beans-5.2.13.RELEASE.jar:5.2.13.RELEASE]
	at org.springframework.beans.factory.support.AbstractAutowireCapableBeanFactory.doCreateBean(AbstractAutowireCapableBeanFactory.java:594) ~[spring-beans-5.2.13.RELEASE.jar:5.2.13.RELEASE]
	at org.springframework.beans.factory.support.AbstractAutowireCapableBeanFactory.createBean(AbstractAutowireCapableBeanFactory.java:516) ~[spring-beans-5.2.13.RELEASE.jar:5.2.13.RELEASE]
	at org.springframework.beans.factory.support.AbstractBeanFactory.lambda$doGetBean$0(AbstractBeanFactory.java:324) ~[spring-beans-5.2.13.RELEASE.jar:5.2.13.RELEASE]
	at org.springframework.beans.factory.support.DefaultSingletonBeanRegistry.getSingleton(DefaultSingletonBeanRegistry.java:234) ~[spring-beans-5.2.13.RELEASE.jar:5.2.13.RELEASE]
	at org.springframework.beans.factory.support.AbstractBeanFactory.doGetBean(AbstractBeanFactory.java:322) ~[spring-beans-5.2.13.RELEASE.jar:5.2.13.RELEASE]
	at org.springframework.beans.factory.support.AbstractBeanFactory.getBean(AbstractBeanFactory.java:202) ~[spring-beans-5.2.13.RELEASE.jar:5.2.13.RELEASE]
	at org.springframework.context.support.AbstractApplicationContext.getBean(AbstractApplicationContext.java:1109) ~[spring-context-5.2.13.RELEASE.jar:5.2.13.RELEASE]
	at org.springframework.context.support.AbstractApplicationContext.finishBeanFactoryInitialization(AbstractApplicationContext.java:869) ~[spring-context-5.2.13.RELEASE.jar:5.2.13.RELEASE]
	at org.springframework.context.support.AbstractApplicationContext.refresh(AbstractApplicationContext.java:551) ~[spring-context-5.2.13.RELEASE.jar:5.2.13.RELEASE]
	at org.springframework.boot.web.servlet.context.ServletWebServerApplicationContext.refresh(ServletWebServerApplicationContext.java:143) ~[spring-boot-2.3.9.RELEASE.jar:2.3.9.RELEASE]
	at org.springframework.boot.SpringApplication.refresh(SpringApplication.java:758) ~[spring-boot-2.3.9.RELEASE.jar:2.3.9.RELEASE]
	at org.springframework.boot.SpringApplication.refresh(SpringApplication.java:750) ~[spring-boot-2.3.9.RELEASE.jar:2.3.9.RELEASE]
	at org.springframework.boot.SpringApplication.refreshContext(SpringApplication.java:405) ~[spring-boot-2.3.9.RELEASE.jar:2.3.9.RELEASE]
	at org.springframework.boot.SpringApplication.run(SpringApplication.java:315) ~[spring-boot-2.3.9.RELEASE.jar:2.3.9.RELEASE]
	at org.springframework.boot.SpringApplication.run(SpringApplication.java:1237) ~[spring-boot-2.3.9.RELEASE.jar:2.3.9.RELEASE]
	at org.springframework.boot.SpringApplication.run(SpringApplication.java:1226) ~[spring-boot-2.3.9.RELEASE.jar:2.3.9.RELEASE]
	at com.cg.osm.OnlineSweetMartAppApplication.main(OnlineSweetMartAppApplication.java:13) ~[main/:na]

2021-04-07 11:17:00.042  WARN 9376 --- [main] o.h.e.j.e.i.JdbcEnvironmentInitiator     : HHH000342: Could not obtain connection to query metadata

org.postgresql.util.PSQLException: FATAL: password authentication failed for user "postgres"
	at org.postgresql.core.v3.ConnectionFactoryImpl.doAuthentication(ConnectionFactoryImpl.java:613) ~[postgresql-42.2.18.jar:42.2.18]
	at org.postgresql.core.v3.ConnectionFactoryImpl.tryConnect(ConnectionFactoryImpl.java:161) ~[postgresql-42.2.18.jar:42.2.18]
	at org.postgresql.core.v3.ConnectionFactoryImpl.openConnectionImpl(ConnectionFactoryImpl.java:213) ~[postgresql-42.2.18.jar:42.2.18]
	at org.postgresql.core.ConnectionFactory.openConnection(ConnectionFactory.java:51) ~[postgresql-42.2.18.jar:42.2.18]
	at org.postgresql.jdbc.PgConnection.<init>(PgConnection.java:225) ~[postgresql-42.2.18.jar:42.2.18]
	at org.postgresql.Driver.makeConnection(Driver.java:465) ~[postgresql-42.2.18.jar:42.2.18]
	at org.postgresql.Driver.connect(Driver.java:264) ~[postgresql-42.2.18.jar:42.2.18]
	at com.zaxxer.hikari.util.DriverDataSource.getConnection(DriverDataSource.java:138) ~[HikariCP-3.4.5.jar:na]
	at com.zaxxer.hikari.pool.PoolBase.newConnection(PoolBase.java:358) ~[HikariCP-3.4.5.jar:na]
	at com.zaxxer.hikari.pool.PoolBase.newPoolEntry(PoolBase.java:206) ~[HikariCP-3.4.5.jar:na]
	at com.zaxxer.hikari.pool.HikariPool.createPoolEntry(HikariPool.java:477) ~[HikariCP-3.4.5.jar:na]
	at com.zaxxer.hikari.pool.HikariPool.checkFailFast(HikariPool.java:560) ~[HikariCP-3.4.5.jar:na]
	at com.zaxxer.hikari.pool.HikariPool.<init>(HikariPool.java:115) ~[HikariCP-3.4.5.jar:na]
	at com.zaxxer.hikari.HikariDataSource.getConnection(HikariDataSource.java:112) ~[HikariCP-3.4.5.jar:na]
	at org.hibernate.engine.jdbc.connections.internal.DatasourceConnectionProviderImpl.getConnection(DatasourceConnectionProviderImpl.java:122) ~[hibernate-core-5.4.28.Final.jar:5.4.28.Final]
	at org.hibernate.engine.jdbc.env.internal.JdbcEnvironmentInitiator$ConnectionProviderJdbcConnectionAccess.obtainConnection(JdbcEnvironmentInitiator.java:180) ~[hibernate-core-5.4.28.Final.jar:5.4.28.Final]
	at org.hibernate.engine.jdbc.env.internal.JdbcEnvironmentInitiator.initiateService(JdbcEnvironmentInitiator.java:68) ~[hibernate-core-5.4.28.Final.jar:5.4.28.Final]
	at org.hibernate.engine.jdbc.env.internal.JdbcEnvironmentInitiator.initiateService(JdbcEnvironmentInitiator.java:35) ~[hibernate-core-5.4.28.Final.jar:5.4.28.Final]
	at org.hibernate.boot.registry.internal.StandardServiceRegistryImpl.initiateService(StandardServiceRegistryImpl.java:101) ~[hibernate-core-5.4.28.Final.jar:5.4.28.Final]
	at org.hibernate.service.internal.AbstractServiceRegistryImpl.createService(AbstractServiceRegistryImpl.java:263) ~[hibernate-core-5.4.28.Final.jar:5.4.28.Final]
	at org.hibernate.service.internal.AbstractServiceRegistryImpl.initializeService(AbstractServiceRegistryImpl.java:237) ~[hibernate-core-5.4.28.Final.jar:5.4.28.Final]
	at org.hibernate.service.internal.AbstractServiceRegistryImpl.getService(AbstractServiceRegistryImpl.java:214) ~[hibernate-core-5.4.28.Final.jar:5.4.28.Final]
	at org.hibernate.id.factory.internal.DefaultIdentifierGeneratorFactory.injectServices(DefaultIdentifierGeneratorFactory.java:152) ~[hibernate-core-5.4.28.Final.jar:5.4.28.Final]
	at org.hibernate.service.internal.AbstractServiceRegistryImpl.injectDependencies(AbstractServiceRegistryImpl.java:286) ~[hibernate-core-5.4.28.Final.jar:5.4.28.Final]
	at org.hibernate.service.internal.AbstractServiceRegistryImpl.initializeService(AbstractServiceRegistryImpl.java:243) ~[hibernate-core-5.4.28.Final.jar:5.4.28.Final]
	at org.hibernate.service.internal.AbstractServiceRegistryImpl.getService(AbstractServiceRegistryImpl.java:214) ~[hibernate-core-5.4.28.Final.jar:5.4.28.Final]
	at org.hibernate.boot.internal.InFlightMetadataCollectorImpl.<init>(InFlightMetadataCollectorImpl.java:176) ~[hibernate-core-5.4.28.Final.jar:5.4.28.Final]
	at org.hibernate.boot.model.process.spi.MetadataBuildingProcess.complete(MetadataBuildingProcess.java:127) ~[hibernate-core-5.4.28.Final.jar:5.4.28.Final]
	at org.hibernate.jpa.boot.internal.EntityManagerFactoryBuilderImpl.metadata(EntityManagerFactoryBuilderImpl.java:1224) ~[hibernate-core-5.4.28.Final.jar:5.4.28.Final]
	at org.hibernate.jpa.boot.internal.EntityManagerFactoryBuilderImpl.build(EntityManagerFactoryBuilderImpl.java:1255) ~[hibernate-core-5.4.28.Final.jar:5.4.28.Final]
	at org.springframework.orm.jpa.vendor.SpringHibernateJpaPersistenceProvider.createContainerEntityManagerFactory(SpringHibernateJpaPersistenceProvider.java:58) ~[spring-orm-5.2.13.RELEASE.jar:5.2.13.RELEASE]
	at org.springframework.orm.jpa.LocalContainerEntityManagerFactoryBean.createNativeEntityManagerFactory(LocalContainerEntityManagerFactoryBean.java:365) ~[spring-orm-5.2.13.RELEASE.jar:5.2.13.RELEASE]
	at org.springframework.orm.jpa.AbstractEntityManagerFactoryBean.buildNativeEntityManagerFactory(AbstractEntityManagerFactoryBean.java:391) ~[spring-orm-5.2.13.RELEASE.jar:5.2.13.RELEASE]
	at org.springframework.orm.jpa.AbstractEntityManagerFactoryBean.afterPropertiesSet(AbstractEntityManagerFactoryBean.java:378) ~[spring-orm-5.2.13.RELEASE.jar:5.2.13.RELEASE]
	at org.springframework.orm.jpa.LocalContainerEntityManagerFactoryBean.afterPropertiesSet(LocalContainerEntityManagerFactoryBean.java:341) ~[spring-orm-5.2.13.RELEASE.jar:5.2.13.RELEASE]
	at org.springframework.beans.factory.support.AbstractAutowireCapableBeanFactory.invokeInitMethods(AbstractAutowireCapableBeanFactory.java:1858) ~[spring-beans-5.2.13.RELEASE.jar:5.2.13.RELEASE]
	at org.springframework.beans.factory.support.AbstractAutowireCapableBeanFactory.initializeBean(AbstractAutowireCapableBeanFactory.java:1795) ~[spring-beans-5.2.13.RELEASE.jar:5.2.13.RELEASE]
	at org.springframework.beans.factory.support.AbstractAutowireCapableBeanFactory.doCreateBean(AbstractAutowireCapableBeanFactory.java:594) ~[spring-beans-5.2.13.RELEASE.jar:5.2.13.RELEASE]
	at org.springframework.beans.factory.support.AbstractAutowireCapableBeanFactory.createBean(AbstractAutowireCapableBeanFactory.java:516) ~[spring-beans-5.2.13.RELEASE.jar:5.2.13.RELEASE]
	at org.springframework.beans.factory.support.AbstractBeanFactory.lambda$doGetBean$0(AbstractBeanFactory.java:324) ~[spring-beans-5.2.13.RELEASE.jar:5.2.13.RELEASE]
	at org.springframework.beans.factory.support.DefaultSingletonBeanRegistry.getSingleton(DefaultSingletonBeanRegistry.java:234) ~[spring-beans-5.2.13.RELEASE.jar:5.2.13.RELEASE]
	at org.springframework.beans.factory.support.AbstractBeanFactory.doGetBean(AbstractBeanFactory.java:322) ~[spring-beans-5.2.13.RELEASE.jar:5.2.13.RELEASE]
	at org.springframework.beans.factory.support.AbstractBeanFactory.getBean(AbstractBeanFactory.java:202) ~[spring-beans-5.2.13.RELEASE.jar:5.2.13.RELEASE]
	at org.springframework.context.support.AbstractApplicationContext.getBean(AbstractApplicationContext.java:1109) ~[spring-context-5.2.13.RELEASE.jar:5.2.13.RELEASE]
	at org.springframework.context.support.AbstractApplicationContext.finishBeanFactoryInitialization(AbstractApplicationContext.java:869) ~[spring-context-5.2.13.RELEASE.jar:5.2.13.RELEASE]
	at org.springframework.context.support.AbstractApplicationContext.refresh(AbstractApplicationContext.java:551) ~[spring-context-5.2.13.RELEASE.jar:5.2.13.RELEASE]
	at org.springframework.boot.web.servlet.context.ServletWebServerApplicationContext.refresh(ServletWebServerApplicationContext.java:143) ~[spring-boot-2.3.9.RELEASE.jar:2.3.9.RELEASE]
	at org.springframework.boot.SpringApplication.refresh(SpringApplication.java:758) ~[spring-boot-2.3.9.RELEASE.jar:2.3.9.RELEASE]
	at org.springframework.boot.SpringApplication.refresh(SpringApplication.java:750) ~[spring-boot-2.3.9.RELEASE.jar:2.3.9.RELEASE]
	at org.springframework.boot.SpringApplication.refreshContext(SpringApplication.java:405) ~[spring-boot-2.3.9.RELEASE.jar:2.3.9.RELEASE]
	at org.springframework.boot.SpringApplication.run(SpringApplication.java:315) ~[spring-boot-2.3.9.RELEASE.jar:2.3.9.RELEASE]
	at org.springframework.boot.SpringApplication.run(SpringApplication.java:1237) ~[spring-boot-2.3.9.RELEASE.jar:2.3.9.RELEASE]
	at org.springframework.boot.SpringApplication.run(SpringApplication.java:1226) ~[spring-boot-2.3.9.RELEASE.jar:2.3.9.RELEASE]
	at com.cg.osm.OnlineSweetMartAppApplication.main(OnlineSweetMartAppApplication.java:13) ~[main/:na]

2021-04-07 11:17:00.045 ERROR 9376 --- [main] j.LocalContainerEntityManagerFactoryBean : Failed to initialize JPA EntityManagerFactory: Unable to create requested service [org.hibernate.engine.jdbc.env.spi.JdbcEnvironment]
2021-04-07 11:17:00.046  WARN 9376 --- [main] ConfigServletWebServerApplicationContext : Exception encountered during context initialization - cancelling refresh attempt: org.springframework.beans.factory.BeanCreationException: Error creating bean with name 'entityManagerFactory' defined in class path resource [org/springframework/boot/autoconfigure/orm/jpa/HibernateJpaConfiguration.class]: Invocation of init method failed; nested exception is org.hibernate.service.spi.ServiceException: Unable to create requested service [org.hibernate.engine.jdbc.env.spi.JdbcEnvironment]
2021-04-07 11:17:00.048  INFO 9376 --- [main] o.apache.catalina.core.StandardService   : Stopping service [Tomcat]
2021-04-07 11:17:00.057  INFO 9376 --- [main] ConditionEvaluationReportLoggingListener : 

Error starting ApplicationContext. To display the conditions report re-run your application with 'debug' enabled.
2021-04-07 11:17:00.058 ERROR 9376 --- [main] o.s.boot.SpringApplication               : Application run failed

org.springframework.beans.factory.BeanCreationException: Error creating bean with name 'entityManagerFactory' defined in class path resource [org/springframework/boot/autoconfigure/orm/jpa/HibernateJpaConfiguration.class]: Invocation of init method failed; nested exception is org.hibernate.service.spi.ServiceException: Unable to create requested service [org.hibernate.engine.jdbc.env.spi.JdbcEnvironment]
	at org.springframework.beans.factory.support.AbstractAutowireCapableBeanFactory.initializeBean(AbstractAutowireCapableBeanFactory.java:1799) ~[spring-beans-5.2.13.RELEASE.jar:5.2.13.RELEASE]
	at org.springframework.beans.factory.support.AbstractAutowireCapableBeanFactory.doCreateBean(AbstractAutowireCapableBeanFactory.java:594) ~[spring-beans-5.2.13.RELEASE.jar:5.2.13.RELEASE]
	at org.springframework.beans.factory.support.AbstractAutowireCapableBeanFactory.createBean(AbstractAutowireCapableBeanFactory.java:516) ~[spring-beans-5.2.13.RELEASE.jar:5.2.13.RELEASE]
	at org.springframework.beans.factory.support.AbstractBeanFactory.lambda$doGetBean$0(AbstractBeanFactory.java:324) ~[spring-beans-5.2.13.RELEASE.jar:5.2.13.RELEASE]
	at org.springframework.beans.factory.support.DefaultSingletonBeanRegistry.getSingleton(DefaultSingletonBeanRegistry.java:234) ~[spring-beans-5.2.13.RELEASE.jar:5.2.13.RELEASE]
	at org.springframework.beans.factory.support.AbstractBeanFactory.doGetBean(AbstractBeanFactory.java:322) ~[spring-beans-5.2.13.RELEASE.jar:5.2.13.RELEASE]
	at org.springframework.beans.factory.support.AbstractBeanFactory.getBean(AbstractBeanFactory.java:202) ~[spring-beans-5.2.13.RELEASE.jar:5.2.13.RELEASE]
	at org.springframework.context.support.AbstractApplicationContext.getBean(AbstractApplicationContext.java:1109) ~[spring-context-5.2.13.RELEASE.jar:5.2.13.RELEASE]
	at org.springframework.context.support.AbstractApplicationContext.finishBeanFactoryInitialization(AbstractApplicationContext.java:869) ~[spring-context-5.2.13.RELEASE.jar:5.2.13.RELEASE]
	at org.springframework.context.support.AbstractApplicationContext.refresh(AbstractApplicationContext.java:551) ~[spring-context-5.2.13.RELEASE.jar:5.2.13.RELEASE]
	at org.springframework.boot.web.servlet.context.ServletWebServerApplicationContext.refresh(ServletWebServerApplicationContext.java:143) ~[spring-boot-2.3.9.RELEASE.jar:2.3.9.RELEASE]
	at org.springframework.boot.SpringApplication.refresh(SpringApplication.java:758) ~[spring-boot-2.3.9.RELEASE.jar:2.3.9.RELEASE]
	at org.springframework.boot.SpringApplication.refresh(SpringApplication.java:750) ~[spring-boot-2.3.9.RELEASE.jar:2.3.9.RELEASE]
	at org.springframework.boot.SpringApplication.refreshContext(SpringApplication.java:405) ~[spring-boot-2.3.9.RELEASE.jar:2.3.9.RELEASE]
	at org.springframework.boot.SpringApplication.run(SpringApplication.java:315) ~[spring-boot-2.3.9.RELEASE.jar:2.3.9.RELEASE]
	at org.springframework.boot.SpringApplication.run(SpringApplication.java:1237) ~[spring-boot-2.3.9.RELEASE.jar:2.3.9.RELEASE]
	at org.springframework.boot.SpringApplication.run(SpringApplication.java:1226) ~[spring-boot-2.3.9.RELEASE.jar:2.3.9.RELEASE]
	at com.cg.osm.OnlineSweetMartAppApplication.main(OnlineSweetMartAppApplication.java:13) ~[main/:na]
Caused by: org.hibernate.service.spi.ServiceException: Unable to create requested service [org.hibernate.engine.jdbc.env.spi.JdbcEnvironment]
	at org.hibernate.service.internal.AbstractServiceRegistryImpl.createService(AbstractServiceRegistryImpl.java:275) ~[hibernate-core-5.4.28.Final.jar:5.4.28.Final]
	at org.hibernate.service.internal.AbstractServiceRegistryImpl.initializeService(AbstractServiceRegistryImpl.java:237) ~[hibernate-core-5.4.28.Final.jar:5.4.28.Final]
	at org.hibernate.service.internal.AbstractServiceRegistryImpl.getService(AbstractServiceRegistryImpl.java:214) ~[hibernate-core-5.4.28.Final.jar:5.4.28.Final]
	at org.hibernate.id.factory.internal.DefaultIdentifierGeneratorFactory.injectServices(DefaultIdentifierGeneratorFactory.java:152) ~[hibernate-core-5.4.28.Final.jar:5.4.28.Final]
	at org.hibernate.service.internal.AbstractServiceRegistryImpl.injectDependencies(AbstractServiceRegistryImpl.java:286) ~[hibernate-core-5.4.28.Final.jar:5.4.28.Final]
	at org.hibernate.service.internal.AbstractServiceRegistryImpl.initializeService(AbstractServiceRegistryImpl.java:243) ~[hibernate-core-5.4.28.Final.jar:5.4.28.Final]
	at org.hibernate.service.internal.AbstractServiceRegistryImpl.getService(AbstractServiceRegistryImpl.java:214) ~[hibernate-core-5.4.28.Final.jar:5.4.28.Final]
	at org.hibernate.boot.internal.InFlightMetadataCollectorImpl.<init>(InFlightMetadataCollectorImpl.java:176) ~[hibernate-core-5.4.28.Final.jar:5.4.28.Final]
	at org.hibernate.boot.model.process.spi.MetadataBuildingProcess.complete(MetadataBuildingProcess.java:127) ~[hibernate-core-5.4.28.Final.jar:5.4.28.Final]
	at org.hibernate.jpa.boot.internal.EntityManagerFactoryBuilderImpl.metadata(EntityManagerFactoryBuilderImpl.java:1224) ~[hibernate-core-5.4.28.Final.jar:5.4.28.Final]
	at org.hibernate.jpa.boot.internal.EntityManagerFactoryBuilderImpl.build(EntityManagerFactoryBuilderImpl.java:1255) ~[hibernate-core-5.4.28.Final.jar:5.4.28.Final]
	at org.springframework.orm.jpa.vendor.SpringHibernateJpaPersistenceProvider.createContainerEntityManagerFactory(SpringHibernateJpaPersistenceProvider.java:58) ~[spring-orm-5.2.13.RELEASE.jar:5.2.13.RELEASE]
	at org.springframework.orm.jpa.LocalContainerEntityManagerFactoryBean.createNativeEntityManagerFactory(LocalContainerEntityManagerFactoryBean.java:365) ~[spring-orm-5.2.13.RELEASE.jar:5.2.13.RELEASE]
	at org.springframework.orm.jpa.AbstractEntityManagerFactoryBean.buildNativeEntityManagerFactory(AbstractEntityManagerFactoryBean.java:391) ~[spring-orm-5.2.13.RELEASE.jar:5.2.13.RELEASE]
	at org.springframework.orm.jpa.AbstractEntityManagerFactoryBean.afterPropertiesSet(AbstractEntityManagerFactoryBean.java:378) ~[spring-orm-5.2.13.RELEASE.jar:5.2.13.RELEASE]
	at org.springframework.orm.jpa.LocalContainerEntityManagerFactoryBean.afterPropertiesSet(LocalContainerEntityManagerFactoryBean.java:341) ~[spring-orm-5.2.13.RELEASE.jar:5.2.13.RELEASE]
	at org.springframework.beans.factory.support.AbstractAutowireCapableBeanFactory.invokeInitMethods(AbstractAutowireCapableBeanFactory.java:1858) ~[spring-beans-5.2.13.RELEASE.jar:5.2.13.RELEASE]
	at org.springframework.beans.factory.support.AbstractAutowireCapableBeanFactory.initializeBean(AbstractAutowireCapableBeanFactory.java:1795) ~[spring-beans-5.2.13.RELEASE.jar:5.2.13.RELEASE]
	... 17 common frames omitted
Caused by: org.hibernate.HibernateException: Access to DialectResolutionInfo cannot be null when 'hibernate.dialect' not set
	at org.hibernate.engine.jdbc.dialect.internal.DialectFactoryImpl.determineDialect(DialectFactoryImpl.java:100) ~[hibernate-core-5.4.28.Final.jar:5.4.28.Final]
	at org.hibernate.engine.jdbc.dialect.internal.DialectFactoryImpl.buildDialect(DialectFactoryImpl.java:54) ~[hibernate-core-5.4.28.Final.jar:5.4.28.Final]
	at org.hibernate.engine.jdbc.env.internal.JdbcEnvironmentInitiator.initiateService(JdbcEnvironmentInitiator.java:137) ~[hibernate-core-5.4.28.Final.jar:5.4.28.Final]
	at org.hibernate.engine.jdbc.env.internal.JdbcEnvironmentInitiator.initiateService(JdbcEnvironmentInitiator.java:35) ~[hibernate-core-5.4.28.Final.jar:5.4.28.Final]
	at org.hibernate.boot.registry.internal.StandardServiceRegistryImpl.initiateService(StandardServiceRegistryImpl.java:101) ~[hibernate-core-5.4.28.Final.jar:5.4.28.Final]
	at org.hibernate.service.internal.AbstractServiceRegistryImpl.createService(AbstractServiceRegistryImpl.java:263) ~[hibernate-core-5.4.28.Final.jar:5.4.28.Final]
	... 34 common frames omitted

2021-04-07 11:23:53.960  INFO 968 --- [main] c.cg.osm.OnlineSweetMartAppApplication   : Starting OnlineSweetMartAppApplication on DESKTOP-0MR8NH0 with PID 968 (C:\Users\S.JEEVETHA\git\OnlineSweetMartApplication1\OnlineSweetMartApp\bin\main started by S.JEEVETHA in C:\Users\S.JEEVETHA\git\OnlineSweetMartApplication1\OnlineSweetMartApp)
2021-04-07 11:23:53.968  INFO 968 --- [main] c.cg.osm.OnlineSweetMartAppApplication   : No active profile set, falling back to default profiles: default
2021-04-07 11:23:55.018  INFO 968 --- [main] .s.d.r.c.RepositoryConfigurationDelegate : Bootstrapping Spring Data JPA repositories in DEFAULT mode.
2021-04-07 11:23:55.205  INFO 968 --- [main] .s.d.r.c.RepositoryConfigurationDelegate : Finished Spring Data repository scanning in 161ms. Found 9 JPA repository interfaces.
2021-04-07 11:23:55.754  INFO 968 --- [main] o.s.b.w.embedded.tomcat.TomcatWebServer  : Tomcat initialized with port(s): 9191 (http)
2021-04-07 11:23:55.762  INFO 968 --- [main] o.apache.catalina.core.StandardService   : Starting service [Tomcat]
2021-04-07 11:23:55.762  INFO 968 --- [main] org.apache.catalina.core.StandardEngine  : Starting Servlet engine: [Apache Tomcat/9.0.43]
2021-04-07 11:23:55.883  INFO 968 --- [main] o.a.c.c.C.[Tomcat].[localhost].[/]       : Initializing Spring embedded WebApplicationContext
2021-04-07 11:23:55.883  INFO 968 --- [main] w.s.c.ServletWebServerApplicationContext : Root WebApplicationContext: initialization completed in 1844 ms
2021-04-07 11:23:56.082  INFO 968 --- [main] o.hibernate.jpa.internal.util.LogHelper  : HHH000204: Processing PersistenceUnitInfo [name: default]
2021-04-07 11:23:56.122  INFO 968 --- [main] org.hibernate.Version                    : HHH000412: Hibernate ORM core version 5.4.28.Final
2021-04-07 11:23:56.237  INFO 968 --- [main] o.hibernate.annotations.common.Version   : HCANN000001: Hibernate Commons Annotations {5.1.2.Final}
2021-04-07 11:23:56.336  INFO 968 --- [main] com.zaxxer.hikari.HikariDataSource       : HikariPool-1 - Starting...
2021-04-07 11:23:56.456  INFO 968 --- [main] com.zaxxer.hikari.HikariDataSource       : HikariPool-1 - Start completed.
2021-04-07 11:23:56.493  INFO 968 --- [main] org.hibernate.dialect.Dialect            : HHH000400: Using dialect: org.hibernate.dialect.PostgreSQL10Dialect
2021-04-07 11:23:58.017  WARN 968 --- [main] o.h.engine.jdbc.spi.SqlExceptionHelper   : SQL Warning Code: 0, SQLState: 00000
2021-04-07 11:23:58.017  WARN 968 --- [main] o.h.engine.jdbc.spi.SqlExceptionHelper   : constraint "uk_gh0q5e3v2yxqjs06ryqrpgyvi" of relation "cart_list_product" does not exist, skipping
2021-04-07 11:23:58.053  WARN 968 --- [main] o.h.engine.jdbc.spi.SqlExceptionHelper   : SQL Warning Code: 0, SQLState: 00000
2021-04-07 11:23:58.054  WARN 968 --- [main] o.h.engine.jdbc.spi.SqlExceptionHelper   : constraint "uk_2qkme3tn8vs70avqudm547irs" of relation "customer_sweet_items" does not exist, skipping
2021-04-07 11:23:58.079  WARN 968 --- [main] o.h.engine.jdbc.spi.SqlExceptionHelper   : SQL Warning Code: 0, SQLState: 00000
2021-04-07 11:23:58.080  WARN 968 --- [main] o.h.engine.jdbc.spi.SqlExceptionHelper   : constraint "uk_23wsd789j0psxnc8hbsypjl6x" of relation "customer_sweet_orders" does not exist, skipping
2021-04-07 11:23:58.102  WARN 968 --- [main] o.h.engine.jdbc.spi.SqlExceptionHelper   : SQL Warning Code: 0, SQLState: 00000
2021-04-07 11:23:58.102  WARN 968 --- [main] o.h.engine.jdbc.spi.SqlExceptionHelper   : constraint "uk_4cltnu1cbg973etvpb5wbighk" of relation "order_bill_list_sweet_order" does not exist, skipping
2021-04-07 11:23:58.135  WARN 968 --- [main] o.h.engine.jdbc.spi.SqlExceptionHelper   : SQL Warning Code: 0, SQLState: 00000
2021-04-07 11:23:58.136  WARN 968 --- [main] o.h.engine.jdbc.spi.SqlExceptionHelper   : constraint "uk_cp62i1kvpplomfx48s187mxm4" of relation "sweet_order_list_items" does not exist, skipping
2021-04-07 11:23:58.258  INFO 968 --- [main] o.h.e.t.j.p.i.JtaPlatformInitiator       : HHH000490: Using JtaPlatform implementation: [org.hibernate.engine.transaction.jta.platform.internal.NoJtaPlatform]
2021-04-07 11:23:58.273  INFO 968 --- [main] j.LocalContainerEntityManagerFactoryBean : Initialized JPA EntityManagerFactory for persistence unit 'default'
2021-04-07 11:23:59.054  WARN 968 --- [main] JpaBaseConfiguration$JpaWebConfiguration : spring.jpa.open-in-view is enabled by default. Therefore, database queries may be performed during view rendering. Explicitly configure spring.jpa.open-in-view to disable this warning
2021-04-07 11:23:59.217  INFO 968 --- [main] o.s.s.concurrent.ThreadPoolTaskExecutor  : Initializing ExecutorService 'applicationTaskExecutor'
2021-04-07 11:23:59.490  INFO 968 --- [main] o.s.b.w.embedded.tomcat.TomcatWebServer  : Tomcat started on port(s): 9191 (http) with context path ''
2021-04-07 11:23:59.504  INFO 968 --- [main] c.cg.osm.OnlineSweetMartAppApplication   : Started OnlineSweetMartAppApplication in 6.199 seconds (JVM running for 7.179)
2021-04-07 11:24:13.914  INFO 968 --- [http-nio-9191-exec-2] o.a.c.c.C.[Tomcat].[localhost].[/]       : Initializing Spring DispatcherServlet 'dispatcherServlet'
2021-04-07 11:24:13.915  INFO 968 --- [http-nio-9191-exec-2] o.s.web.servlet.DispatcherServlet        : Initializing Servlet 'dispatcherServlet'
2021-04-07 11:24:13.927  INFO 968 --- [http-nio-9191-exec-2] o.s.web.servlet.DispatcherServlet        : Completed initialization in 12 ms
2021-04-07 11:24:13.954  WARN 968 --- [http-nio-9191-exec-2] .w.s.m.s.DefaultHandlerExceptionResolver : Resolved [org.springframework.web.HttpRequestMethodNotSupportedException: Request method 'GET' not supported]
2021-04-07 11:29:15.620  WARN 968 --- [http-nio-9191-exec-5] .w.s.m.s.DefaultHandlerExceptionResolver : Resolved [org.springframework.web.HttpRequestMethodNotSupportedException: Request method 'GET' not supported]
2021-04-07 11:30:16.608  WARN 968 --- [http-nio-9191-exec-8] .w.s.m.s.DefaultHandlerExceptionResolver : Resolved [org.springframework.web.HttpMediaTypeNotSupportedException: Content type 'application/json;charset=UTF-8' not supported]
2021-04-07 11:32:38.317  INFO 968 --- [RMI TCP Connection(13)-127.0.0.1] inMXBeanRegistrar$SpringApplicationAdmin : Application shutdown requested.
2021-04-07 11:32:38.360  INFO 968 --- [RMI TCP Connection(13)-127.0.0.1] o.s.s.concurrent.ThreadPoolTaskExecutor  : Shutting down ExecutorService 'applicationTaskExecutor'
2021-04-07 11:32:38.368  INFO 968 --- [RMI TCP Connection(13)-127.0.0.1] j.LocalContainerEntityManagerFactoryBean : Closing JPA EntityManagerFactory for persistence unit 'default'
2021-04-07 11:32:38.373  INFO 968 --- [RMI TCP Connection(13)-127.0.0.1] com.zaxxer.hikari.HikariDataSource       : HikariPool-1 - Shutdown initiated...
2021-04-07 11:32:38.380  INFO 968 --- [RMI TCP Connection(13)-127.0.0.1] com.zaxxer.hikari.HikariDataSource       : HikariPool-1 - Shutdown completed.
2021-04-07 11:33:28.241  INFO 7476 --- [main] c.cg.osm.OnlineSweetMartAppApplication   : Starting OnlineSweetMartAppApplication on DESKTOP-0MR8NH0 with PID 7476 (C:\Users\S.JEEVETHA\git\OnlineSweetMartApplication1\OnlineSweetMartApp\bin\main started by S.JEEVETHA in C:\Users\S.JEEVETHA\git\OnlineSweetMartApplication1\OnlineSweetMartApp)
2021-04-07 11:33:28.248  INFO 7476 --- [main] c.cg.osm.OnlineSweetMartAppApplication   : No active profile set, falling back to default profiles: default
2021-04-07 11:33:29.442  INFO 7476 --- [main] .s.d.r.c.RepositoryConfigurationDelegate : Bootstrapping Spring Data JPA repositories in DEFAULT mode.
2021-04-07 11:33:29.657  INFO 7476 --- [main] .s.d.r.c.RepositoryConfigurationDelegate : Finished Spring Data repository scanning in 192ms. Found 9 JPA repository interfaces.
2021-04-07 11:33:30.311  INFO 7476 --- [main] o.s.b.w.embedded.tomcat.TomcatWebServer  : Tomcat initialized with port(s): 9191 (http)
2021-04-07 11:33:30.321  INFO 7476 --- [main] o.apache.catalina.core.StandardService   : Starting service [Tomcat]
2021-04-07 11:33:30.321  INFO 7476 --- [main] org.apache.catalina.core.StandardEngine  : Starting Servlet engine: [Apache Tomcat/9.0.43]
2021-04-07 11:33:30.446  INFO 7476 --- [main] o.a.c.c.C.[Tomcat].[localhost].[/]       : Initializing Spring embedded WebApplicationContext
2021-04-07 11:33:30.446  INFO 7476 --- [main] w.s.c.ServletWebServerApplicationContext : Root WebApplicationContext: initialization completed in 2104 ms
2021-04-07 11:33:30.677  INFO 7476 --- [main] o.hibernate.jpa.internal.util.LogHelper  : HHH000204: Processing PersistenceUnitInfo [name: default]
2021-04-07 11:33:30.721  INFO 7476 --- [main] org.hibernate.Version                    : HHH000412: Hibernate ORM core version 5.4.28.Final
2021-04-07 11:33:30.838  INFO 7476 --- [main] o.hibernate.annotations.common.Version   : HCANN000001: Hibernate Commons Annotations {5.1.2.Final}
2021-04-07 11:33:30.934  INFO 7476 --- [main] com.zaxxer.hikari.HikariDataSource       : HikariPool-1 - Starting...
2021-04-07 11:33:31.085  INFO 7476 --- [main] com.zaxxer.hikari.HikariDataSource       : HikariPool-1 - Start completed.
2021-04-07 11:33:31.123  INFO 7476 --- [main] org.hibernate.dialect.Dialect            : HHH000400: Using dialect: org.hibernate.dialect.PostgreSQL10Dialect
2021-04-07 11:33:32.946  INFO 7476 --- [main] o.h.e.t.j.p.i.JtaPlatformInitiator       : HHH000490: Using JtaPlatform implementation: [org.hibernate.engine.transaction.jta.platform.internal.NoJtaPlatform]
2021-04-07 11:33:32.957  INFO 7476 --- [main] j.LocalContainerEntityManagerFactoryBean : Initialized JPA EntityManagerFactory for persistence unit 'default'
2021-04-07 11:33:33.605  WARN 7476 --- [main] JpaBaseConfiguration$JpaWebConfiguration : spring.jpa.open-in-view is enabled by default. Therefore, database queries may be performed during view rendering. Explicitly configure spring.jpa.open-in-view to disable this warning
2021-04-07 11:33:33.762  INFO 7476 --- [main] o.s.s.concurrent.ThreadPoolTaskExecutor  : Initializing ExecutorService 'applicationTaskExecutor'
2021-04-07 11:33:34.049  INFO 7476 --- [main] o.s.b.w.embedded.tomcat.TomcatWebServer  : Tomcat started on port(s): 9191 (http) with context path ''
2021-04-07 11:33:34.072  INFO 7476 --- [main] c.cg.osm.OnlineSweetMartAppApplication   : Started OnlineSweetMartAppApplication in 6.369 seconds (JVM running for 7.469)
2021-04-07 11:33:46.696  INFO 11368 --- [main] c.cg.osm.OnlineSweetMartAppApplication   : Starting OnlineSweetMartAppApplication on DESKTOP-0MR8NH0 with PID 11368 (C:\Users\S.JEEVETHA\git\OnlineSweetMartApplication1\OnlineSweetMartApp\bin\main started by S.JEEVETHA in C:\Users\S.JEEVETHA\git\OnlineSweetMartApplication1\OnlineSweetMartApp)
2021-04-07 11:33:46.702  INFO 11368 --- [main] c.cg.osm.OnlineSweetMartAppApplication   : No active profile set, falling back to default profiles: default
2021-04-07 11:33:47.601  INFO 11368 --- [main] .s.d.r.c.RepositoryConfigurationDelegate : Bootstrapping Spring Data JPA repositories in DEFAULT mode.
2021-04-07 11:33:47.778  INFO 11368 --- [main] .s.d.r.c.RepositoryConfigurationDelegate : Finished Spring Data repository scanning in 164ms. Found 9 JPA repository interfaces.
2021-04-07 11:33:48.455  INFO 11368 --- [main] o.s.b.w.embedded.tomcat.TomcatWebServer  : Tomcat initialized with port(s): 9191 (http)
2021-04-07 11:33:48.463  INFO 11368 --- [main] o.apache.catalina.core.StandardService   : Starting service [Tomcat]
2021-04-07 11:33:48.464  INFO 11368 --- [main] org.apache.catalina.core.StandardEngine  : Starting Servlet engine: [Apache Tomcat/9.0.43]
2021-04-07 11:33:48.578  INFO 11368 --- [main] o.a.c.c.C.[Tomcat].[localhost].[/]       : Initializing Spring embedded WebApplicationContext
2021-04-07 11:33:48.578  INFO 11368 --- [main] w.s.c.ServletWebServerApplicationContext : Root WebApplicationContext: initialization completed in 1774 ms
2021-04-07 11:33:48.773  INFO 11368 --- [main] o.hibernate.jpa.internal.util.LogHelper  : HHH000204: Processing PersistenceUnitInfo [name: default]
2021-04-07 11:33:48.814  INFO 11368 --- [main] org.hibernate.Version                    : HHH000412: Hibernate ORM core version 5.4.28.Final
2021-04-07 11:33:48.921  INFO 11368 --- [main] o.hibernate.annotations.common.Version   : HCANN000001: Hibernate Commons Annotations {5.1.2.Final}
2021-04-07 11:33:49.007  INFO 11368 --- [main] com.zaxxer.hikari.HikariDataSource       : HikariPool-1 - Starting...
2021-04-07 11:33:49.255  INFO 11368 --- [main] com.zaxxer.hikari.HikariDataSource       : HikariPool-1 - Start completed.
2021-04-07 11:33:49.319  INFO 11368 --- [main] org.hibernate.dialect.Dialect            : HHH000400: Using dialect: org.hibernate.dialect.PostgreSQL10Dialect
2021-04-07 11:33:50.834  INFO 11368 --- [main] o.h.e.t.j.p.i.JtaPlatformInitiator       : HHH000490: Using JtaPlatform implementation: [org.hibernate.engine.transaction.jta.platform.internal.NoJtaPlatform]
2021-04-07 11:33:50.846  INFO 11368 --- [main] j.LocalContainerEntityManagerFactoryBean : Initialized JPA EntityManagerFactory for persistence unit 'default'
2021-04-07 11:33:51.519  WARN 11368 --- [main] JpaBaseConfiguration$JpaWebConfiguration : spring.jpa.open-in-view is enabled by default. Therefore, database queries may be performed during view rendering. Explicitly configure spring.jpa.open-in-view to disable this warning
2021-04-07 11:33:51.628  INFO 11368 --- [main] o.s.s.concurrent.ThreadPoolTaskExecutor  : Initializing ExecutorService 'applicationTaskExecutor'
2021-04-07 11:33:51.961  WARN 11368 --- [main] ConfigServletWebServerApplicationContext : Exception encountered during context initialization - cancelling refresh attempt: org.springframework.context.ApplicationContextException: Failed to start bean 'webServerStartStop'; nested exception is org.springframework.boot.web.server.PortInUseException: Port 9191 is already in use
2021-04-07 11:33:51.963  INFO 11368 --- [main] o.s.s.concurrent.ThreadPoolTaskExecutor  : Shutting down ExecutorService 'applicationTaskExecutor'
2021-04-07 11:33:51.968  INFO 11368 --- [main] j.LocalContainerEntityManagerFactoryBean : Closing JPA EntityManagerFactory for persistence unit 'default'
2021-04-07 11:33:51.973  INFO 11368 --- [main] com.zaxxer.hikari.HikariDataSource       : HikariPool-1 - Shutdown initiated...
2021-04-07 11:33:51.980  INFO 11368 --- [main] com.zaxxer.hikari.HikariDataSource       : HikariPool-1 - Shutdown completed.
2021-04-07 11:33:51.990  INFO 11368 --- [main] o.apache.catalina.core.StandardService   : Stopping service [Tomcat]
2021-04-07 11:33:52.017  INFO 11368 --- [main] ConditionEvaluationReportLoggingListener : 

Error starting ApplicationContext. To display the conditions report re-run your application with 'debug' enabled.
2021-04-07 11:33:52.021 ERROR 11368 --- [main] o.s.b.d.LoggingFailureAnalysisReporter   : 

***************************
APPLICATION FAILED TO START
***************************

Description:

Web server failed to start. Port 9191 was already in use.

Action:

Identify and stop the process that's listening on port 9191 or configure this application to listen on another port.

2021-04-07 11:34:10.404  INFO 7476 --- [RMI TCP Connection(2)-127.0.0.1] inMXBeanRegistrar$SpringApplicationAdmin : Application shutdown requested.
2021-04-07 11:34:10.443  INFO 7476 --- [RMI TCP Connection(2)-127.0.0.1] o.s.s.concurrent.ThreadPoolTaskExecutor  : Shutting down ExecutorService 'applicationTaskExecutor'
2021-04-07 11:34:10.449  INFO 7476 --- [RMI TCP Connection(2)-127.0.0.1] j.LocalContainerEntityManagerFactoryBean : Closing JPA EntityManagerFactory for persistence unit 'default'
2021-04-07 11:34:10.454  INFO 7476 --- [RMI TCP Connection(2)-127.0.0.1] com.zaxxer.hikari.HikariDataSource       : HikariPool-1 - Shutdown initiated...
2021-04-07 11:34:10.461  INFO 7476 --- [RMI TCP Connection(2)-127.0.0.1] com.zaxxer.hikari.HikariDataSource       : HikariPool-1 - Shutdown completed.
2021-04-07 11:34:45.340  INFO 9592 --- [main] c.cg.osm.OnlineSweetMartAppApplication   : Starting OnlineSweetMartAppApplication on DESKTOP-0MR8NH0 with PID 9592 (C:\Users\S.JEEVETHA\git\OnlineSweetMartApplication1\OnlineSweetMartApp\bin\main started by S.JEEVETHA in C:\Users\S.JEEVETHA\git\OnlineSweetMartApplication1\OnlineSweetMartApp)
2021-04-07 11:34:45.347  INFO 9592 --- [main] c.cg.osm.OnlineSweetMartAppApplication   : No active profile set, falling back to default profiles: default
2021-04-07 11:34:46.600  INFO 9592 --- [main] .s.d.r.c.RepositoryConfigurationDelegate : Bootstrapping Spring Data JPA repositories in DEFAULT mode.
2021-04-07 11:34:46.822  INFO 9592 --- [main] .s.d.r.c.RepositoryConfigurationDelegate : Finished Spring Data repository scanning in 208ms. Found 9 JPA repository interfaces.
2021-04-07 11:34:47.484  INFO 9592 --- [main] o.s.b.w.embedded.tomcat.TomcatWebServer  : Tomcat initialized with port(s): 9393 (http)
2021-04-07 11:34:47.492  INFO 9592 --- [main] o.apache.catalina.core.StandardService   : Starting service [Tomcat]
2021-04-07 11:34:47.492  INFO 9592 --- [main] org.apache.catalina.core.StandardEngine  : Starting Servlet engine: [Apache Tomcat/9.0.43]
2021-04-07 11:34:47.686  INFO 9592 --- [main] o.a.c.c.C.[Tomcat].[localhost].[/]       : Initializing Spring embedded WebApplicationContext
2021-04-07 11:34:47.687  INFO 9592 --- [main] w.s.c.ServletWebServerApplicationContext : Root WebApplicationContext: initialization completed in 2244 ms
2021-04-07 11:34:47.960  INFO 9592 --- [main] o.hibernate.jpa.internal.util.LogHelper  : HHH000204: Processing PersistenceUnitInfo [name: default]
2021-04-07 11:34:48.004  INFO 9592 --- [main] org.hibernate.Version                    : HHH000412: Hibernate ORM core version 5.4.28.Final
2021-04-07 11:34:48.158  INFO 9592 --- [main] o.hibernate.annotations.common.Version   : HCANN000001: Hibernate Commons Annotations {5.1.2.Final}
2021-04-07 11:34:48.296  INFO 9592 --- [main] com.zaxxer.hikari.HikariDataSource       : HikariPool-1 - Starting...
2021-04-07 11:34:48.440  INFO 9592 --- [main] com.zaxxer.hikari.HikariDataSource       : HikariPool-1 - Start completed.
2021-04-07 11:34:48.481  INFO 9592 --- [main] org.hibernate.dialect.Dialect            : HHH000400: Using dialect: org.hibernate.dialect.PostgreSQL10Dialect
2021-04-07 11:34:50.174  INFO 9592 --- [main] o.h.e.t.j.p.i.JtaPlatformInitiator       : HHH000490: Using JtaPlatform implementation: [org.hibernate.engine.transaction.jta.platform.internal.NoJtaPlatform]
2021-04-07 11:34:50.187  INFO 9592 --- [main] j.LocalContainerEntityManagerFactoryBean : Initialized JPA EntityManagerFactory for persistence unit 'default'
2021-04-07 11:34:50.882  WARN 9592 --- [main] JpaBaseConfiguration$JpaWebConfiguration : spring.jpa.open-in-view is enabled by default. Therefore, database queries may be performed during view rendering. Explicitly configure spring.jpa.open-in-view to disable this warning
2021-04-07 11:34:51.013  INFO 9592 --- [main] o.s.s.concurrent.ThreadPoolTaskExecutor  : Initializing ExecutorService 'applicationTaskExecutor'
2021-04-07 11:34:51.321  INFO 9592 --- [main] o.s.b.w.embedded.tomcat.TomcatWebServer  : Tomcat started on port(s): 9393 (http) with context path ''
2021-04-07 11:34:51.331  INFO 9592 --- [main] c.cg.osm.OnlineSweetMartAppApplication   : Started OnlineSweetMartAppApplication in 6.578 seconds (JVM running for 7.636)
2021-04-07 11:35:07.993  INFO 9592 --- [http-nio-9393-exec-2] o.a.c.c.C.[Tomcat].[localhost].[/]       : Initializing Spring DispatcherServlet 'dispatcherServlet'
2021-04-07 11:35:07.994  INFO 9592 --- [http-nio-9393-exec-2] o.s.web.servlet.DispatcherServlet        : Initializing Servlet 'dispatcherServlet'
2021-04-07 11:35:08.008  INFO 9592 --- [http-nio-9393-exec-2] o.s.web.servlet.DispatcherServlet        : Completed initialization in 14 ms
2021-04-07 11:35:08.237  WARN 9592 --- [http-nio-9393-exec-2] .w.s.m.s.DefaultHandlerExceptionResolver : Resolved [org.springframework.web.HttpMediaTypeNotSupportedException: Content type 'application/json;charset=UTF-8' not supported]
2021-04-07 11:44:12.639  WARN 9592 --- [http-nio-9393-exec-6] .w.s.m.s.DefaultHandlerExceptionResolver : Resolved [org.springframework.web.HttpMediaTypeNotSupportedException: Content type 'application/json;charset=UTF-8' not supported]
2021-04-07 11:44:42.306  WARN 9592 --- [http-nio-9393-exec-5] .w.s.m.s.DefaultHandlerExceptionResolver : Resolved [org.springframework.web.HttpMediaTypeNotSupportedException: Content type 'application/json;charset=UTF-8' not supported]
2021-04-07 11:53:22.371  INFO 9592 --- [RMI TCP Connection(23)-127.0.0.1] inMXBeanRegistrar$SpringApplicationAdmin : Application shutdown requested.
2021-04-07 11:53:22.420  INFO 9592 --- [RMI TCP Connection(23)-127.0.0.1] o.s.s.concurrent.ThreadPoolTaskExecutor  : Shutting down ExecutorService 'applicationTaskExecutor'
2021-04-07 11:53:22.428  INFO 9592 --- [RMI TCP Connection(23)-127.0.0.1] j.LocalContainerEntityManagerFactoryBean : Closing JPA EntityManagerFactory for persistence unit 'default'
2021-04-07 11:53:22.432  INFO 9592 --- [RMI TCP Connection(23)-127.0.0.1] com.zaxxer.hikari.HikariDataSource       : HikariPool-1 - Shutdown initiated...
2021-04-07 11:53:22.439  INFO 9592 --- [RMI TCP Connection(23)-127.0.0.1] com.zaxxer.hikari.HikariDataSource       : HikariPool-1 - Shutdown completed.
2021-04-07 11:53:34.722  INFO 3508 --- [main] c.cg.osm.OnlineSweetMartAppApplication   : Starting OnlineSweetMartAppApplication on DESKTOP-0MR8NH0 with PID 3508 (C:\Users\S.JEEVETHA\git\OnlineSweetMartApplication1\OnlineSweetMartApp\bin\main started by S.JEEVETHA in C:\Users\S.JEEVETHA\git\OnlineSweetMartApplication1\OnlineSweetMartApp)
2021-04-07 11:53:34.735  INFO 3508 --- [main] c.cg.osm.OnlineSweetMartAppApplication   : No active profile set, falling back to default profiles: default
2021-04-07 11:53:35.765  INFO 3508 --- [main] .s.d.r.c.RepositoryConfigurationDelegate : Bootstrapping Spring Data JPA repositories in DEFAULT mode.
2021-04-07 11:53:35.899  INFO 3508 --- [main] .s.d.r.c.RepositoryConfigurationDelegate : Finished Spring Data repository scanning in 124ms. Found 9 JPA repository interfaces.
2021-04-07 11:53:36.727  INFO 3508 --- [main] o.s.b.w.embedded.tomcat.TomcatWebServer  : Tomcat initialized with port(s): 9393 (http)
2021-04-07 11:53:36.738  INFO 3508 --- [main] o.apache.catalina.core.StandardService   : Starting service [Tomcat]
2021-04-07 11:53:36.738  INFO 3508 --- [main] org.apache.catalina.core.StandardEngine  : Starting Servlet engine: [Apache Tomcat/9.0.43]
2021-04-07 11:53:36.917  INFO 3508 --- [main] o.a.c.c.C.[Tomcat].[localhost].[/]       : Initializing Spring embedded WebApplicationContext
2021-04-07 11:53:36.918  INFO 3508 --- [main] w.s.c.ServletWebServerApplicationContext : Root WebApplicationContext: initialization completed in 2115 ms
2021-04-07 11:53:37.186  INFO 3508 --- [main] o.hibernate.jpa.internal.util.LogHelper  : HHH000204: Processing PersistenceUnitInfo [name: default]
2021-04-07 11:53:37.232  INFO 3508 --- [main] org.hibernate.Version                    : HHH000412: Hibernate ORM core version 5.4.28.Final
2021-04-07 11:53:37.361  INFO 3508 --- [main] o.hibernate.annotations.common.Version   : HCANN000001: Hibernate Commons Annotations {5.1.2.Final}
2021-04-07 11:53:37.485  INFO 3508 --- [main] com.zaxxer.hikari.HikariDataSource       : HikariPool-1 - Starting...
2021-04-07 11:53:37.623  INFO 3508 --- [main] com.zaxxer.hikari.HikariDataSource       : HikariPool-1 - Start completed.
2021-04-07 11:53:37.658  INFO 3508 --- [main] org.hibernate.dialect.Dialect            : HHH000400: Using dialect: org.hibernate.dialect.PostgreSQL10Dialect
2021-04-07 11:53:39.551  INFO 3508 --- [main] o.h.e.t.j.p.i.JtaPlatformInitiator       : HHH000490: Using JtaPlatform implementation: [org.hibernate.engine.transaction.jta.platform.internal.NoJtaPlatform]
2021-04-07 11:53:39.565  INFO 3508 --- [main] j.LocalContainerEntityManagerFactoryBean : Initialized JPA EntityManagerFactory for persistence unit 'default'
2021-04-07 11:53:40.306  WARN 3508 --- [main] JpaBaseConfiguration$JpaWebConfiguration : spring.jpa.open-in-view is enabled by default. Therefore, database queries may be performed during view rendering. Explicitly configure spring.jpa.open-in-view to disable this warning
2021-04-07 11:53:40.453  INFO 3508 --- [main] o.s.s.concurrent.ThreadPoolTaskExecutor  : Initializing ExecutorService 'applicationTaskExecutor'
2021-04-07 11:53:40.732  INFO 3508 --- [main] o.s.b.w.embedded.tomcat.TomcatWebServer  : Tomcat started on port(s): 9393 (http) with context path ''
2021-04-07 11:53:40.745  INFO 3508 --- [main] c.cg.osm.OnlineSweetMartAppApplication   : Started OnlineSweetMartAppApplication in 6.557 seconds (JVM running for 8.077)
2021-04-07 12:01:45.824  INFO 3508 --- [http-nio-9393-exec-2] o.a.c.c.C.[Tomcat].[localhost].[/]       : Initializing Spring DispatcherServlet 'dispatcherServlet'
2021-04-07 12:01:45.826  INFO 3508 --- [http-nio-9393-exec-2] o.s.web.servlet.DispatcherServlet        : Initializing Servlet 'dispatcherServlet'
2021-04-07 12:01:45.841  INFO 3508 --- [http-nio-9393-exec-2] o.s.web.servlet.DispatcherServlet        : Completed initialization in 15 ms
2021-04-07 12:01:46.123  WARN 3508 --- [http-nio-9393-exec-2] .w.s.m.s.DefaultHandlerExceptionResolver : Resolved [org.springframework.web.HttpMediaTypeNotSupportedException: Content type 'application/json;charset=UTF-8' not supported]
2021-04-07 12:02:48.282  WARN 3508 --- [http-nio-9393-exec-5] .w.s.m.s.DefaultHandlerExceptionResolver : Resolved [org.springframework.web.HttpMediaTypeNotSupportedException: Content type 'application/json;charset=UTF-8' not supported]
2021-04-07 12:02:54.525  WARN 3508 --- [http-nio-9393-exec-6] .w.s.m.s.DefaultHandlerExceptionResolver : Resolved [org.springframework.web.HttpMediaTypeNotSupportedException: Content type '' not supported]
2021-04-07 12:08:24.767  INFO 10832 --- [main] c.cg.osm.OnlineSweetMartAppApplication   : Starting OnlineSweetMartAppApplication on DESKTOP-0MR8NH0 with PID 10832 (C:\Users\S.JEEVETHA\git\OnlineSweetMartApplication1\OnlineSweetMartApp\bin\main started by S.JEEVETHA in C:\Users\S.JEEVETHA\git\OnlineSweetMartApplication1\OnlineSweetMartApp)
2021-04-07 12:08:24.775  INFO 10832 --- [main] c.cg.osm.OnlineSweetMartAppApplication   : No active profile set, falling back to default profiles: default
2021-04-07 12:08:25.801  INFO 10832 --- [main] .s.d.r.c.RepositoryConfigurationDelegate : Bootstrapping Spring Data JPA repositories in DEFAULT mode.
2021-04-07 12:08:25.951  INFO 10832 --- [main] .s.d.r.c.RepositoryConfigurationDelegate : Finished Spring Data repository scanning in 135ms. Found 9 JPA repository interfaces.
2021-04-07 12:08:26.599  INFO 10832 --- [main] o.s.b.w.embedded.tomcat.TomcatWebServer  : Tomcat initialized with port(s): 9393 (http)
2021-04-07 12:08:26.610  INFO 10832 --- [main] o.apache.catalina.core.StandardService   : Starting service [Tomcat]
2021-04-07 12:08:26.610  INFO 10832 --- [main] org.apache.catalina.core.StandardEngine  : Starting Servlet engine: [Apache Tomcat/9.0.43]
2021-04-07 12:08:26.832  INFO 10832 --- [main] o.a.c.c.C.[Tomcat].[localhost].[/]       : Initializing Spring embedded WebApplicationContext
2021-04-07 12:08:26.832  INFO 10832 --- [main] w.s.c.ServletWebServerApplicationContext : Root WebApplicationContext: initialization completed in 1952 ms
2021-04-07 12:08:27.170  INFO 10832 --- [main] o.hibernate.jpa.internal.util.LogHelper  : HHH000204: Processing PersistenceUnitInfo [name: default]
2021-04-07 12:08:27.215  INFO 10832 --- [main] org.hibernate.Version                    : HHH000412: Hibernate ORM core version 5.4.28.Final
2021-04-07 12:08:27.358  INFO 10832 --- [main] o.hibernate.annotations.common.Version   : HCANN000001: Hibernate Commons Annotations {5.1.2.Final}
2021-04-07 12:08:27.481  INFO 10832 --- [main] com.zaxxer.hikari.HikariDataSource       : HikariPool-1 - Starting...
2021-04-07 12:08:27.630  INFO 10832 --- [main] com.zaxxer.hikari.HikariDataSource       : HikariPool-1 - Start completed.
2021-04-07 12:08:27.678  INFO 10832 --- [main] org.hibernate.dialect.Dialect            : HHH000400: Using dialect: org.hibernate.dialect.PostgreSQL10Dialect
2021-04-07 12:08:29.780  INFO 10832 --- [main] o.h.e.t.j.p.i.JtaPlatformInitiator       : HHH000490: Using JtaPlatform implementation: [org.hibernate.engine.transaction.jta.platform.internal.NoJtaPlatform]
2021-04-07 12:08:29.788  INFO 10832 --- [main] j.LocalContainerEntityManagerFactoryBean : Initialized JPA EntityManagerFactory for persistence unit 'default'
2021-04-07 12:08:30.451  WARN 10832 --- [main] JpaBaseConfiguration$JpaWebConfiguration : spring.jpa.open-in-view is enabled by default. Therefore, database queries may be performed during view rendering. Explicitly configure spring.jpa.open-in-view to disable this warning
2021-04-07 12:08:30.574  INFO 10832 --- [main] o.s.s.concurrent.ThreadPoolTaskExecutor  : Initializing ExecutorService 'applicationTaskExecutor'
2021-04-07 12:08:30.876  INFO 10832 --- [main] o.s.b.w.embedded.tomcat.TomcatWebServer  : Tomcat started on port(s): 9393 (http) with context path ''
2021-04-07 12:08:30.904  INFO 10832 --- [main] c.cg.osm.OnlineSweetMartAppApplication   : Started OnlineSweetMartAppApplication in 6.984 seconds (JVM running for 8.498)
2021-04-07 12:08:39.157  INFO 12748 --- [main] c.cg.osm.OnlineSweetMartAppApplication   : Starting OnlineSweetMartAppApplication on DESKTOP-0MR8NH0 with PID 12748 (C:\Users\S.JEEVETHA\git\OnlineSweetMartApplication1\OnlineSweetMartApp\bin\main started by S.JEEVETHA in C:\Users\S.JEEVETHA\git\OnlineSweetMartApplication1\OnlineSweetMartApp)
2021-04-07 12:08:39.164  INFO 12748 --- [main] c.cg.osm.OnlineSweetMartAppApplication   : No active profile set, falling back to default profiles: default
2021-04-07 12:08:40.380  INFO 12748 --- [main] .s.d.r.c.RepositoryConfigurationDelegate : Bootstrapping Spring Data JPA repositories in DEFAULT mode.
2021-04-07 12:08:40.506  INFO 12748 --- [main] .s.d.r.c.RepositoryConfigurationDelegate : Finished Spring Data repository scanning in 113ms. Found 9 JPA repository interfaces.
2021-04-07 12:08:41.202  INFO 12748 --- [main] o.s.b.w.embedded.tomcat.TomcatWebServer  : Tomcat initialized with port(s): 9393 (http)
2021-04-07 12:08:41.209  INFO 12748 --- [main] o.apache.catalina.core.StandardService   : Starting service [Tomcat]
2021-04-07 12:08:41.209  INFO 12748 --- [main] org.apache.catalina.core.StandardEngine  : Starting Servlet engine: [Apache Tomcat/9.0.43]
2021-04-07 12:08:41.363  INFO 12748 --- [main] o.a.c.c.C.[Tomcat].[localhost].[/]       : Initializing Spring embedded WebApplicationContext
2021-04-07 12:08:41.364  INFO 12748 --- [main] w.s.c.ServletWebServerApplicationContext : Root WebApplicationContext: initialization completed in 2102 ms
2021-04-07 12:08:41.553  INFO 12748 --- [main] o.hibernate.jpa.internal.util.LogHelper  : HHH000204: Processing PersistenceUnitInfo [name: default]
2021-04-07 12:08:41.595  INFO 12748 --- [main] org.hibernate.Version                    : HHH000412: Hibernate ORM core version 5.4.28.Final
2021-04-07 12:08:41.738  INFO 12748 --- [main] o.hibernate.annotations.common.Version   : HCANN000001: Hibernate Commons Annotations {5.1.2.Final}
2021-04-07 12:08:41.844  INFO 12748 --- [main] com.zaxxer.hikari.HikariDataSource       : HikariPool-1 - Starting...
2021-04-07 12:08:41.982  INFO 12748 --- [main] com.zaxxer.hikari.HikariDataSource       : HikariPool-1 - Start completed.
2021-04-07 12:08:42.019  INFO 12748 --- [main] org.hibernate.dialect.Dialect            : HHH000400: Using dialect: org.hibernate.dialect.PostgreSQL10Dialect
2021-04-07 12:08:44.316  INFO 12748 --- [main] o.h.e.t.j.p.i.JtaPlatformInitiator       : HHH000490: Using JtaPlatform implementation: [org.hibernate.engine.transaction.jta.platform.internal.NoJtaPlatform]
2021-04-07 12:08:44.335  INFO 12748 --- [main] j.LocalContainerEntityManagerFactoryBean : Initialized JPA EntityManagerFactory for persistence unit 'default'
2021-04-07 12:08:44.983  WARN 12748 --- [main] JpaBaseConfiguration$JpaWebConfiguration : spring.jpa.open-in-view is enabled by default. Therefore, database queries may be performed during view rendering. Explicitly configure spring.jpa.open-in-view to disable this warning
2021-04-07 12:08:45.083  INFO 12748 --- [main] o.s.s.concurrent.ThreadPoolTaskExecutor  : Initializing ExecutorService 'applicationTaskExecutor'
2021-04-07 12:08:45.359  WARN 12748 --- [main] ConfigServletWebServerApplicationContext : Exception encountered during context initialization - cancelling refresh attempt: org.springframework.context.ApplicationContextException: Failed to start bean 'webServerStartStop'; nested exception is org.springframework.boot.web.server.PortInUseException: Port 9393 is already in use
2021-04-07 12:08:45.360  INFO 12748 --- [main] o.s.s.concurrent.ThreadPoolTaskExecutor  : Shutting down ExecutorService 'applicationTaskExecutor'
2021-04-07 12:08:45.364  INFO 12748 --- [main] j.LocalContainerEntityManagerFactoryBean : Closing JPA EntityManagerFactory for persistence unit 'default'
2021-04-07 12:08:45.366  INFO 12748 --- [main] com.zaxxer.hikari.HikariDataSource       : HikariPool-1 - Shutdown initiated...
2021-04-07 12:08:45.377  INFO 12748 --- [main] com.zaxxer.hikari.HikariDataSource       : HikariPool-1 - Shutdown completed.
2021-04-07 12:08:45.381  INFO 12748 --- [main] o.apache.catalina.core.StandardService   : Stopping service [Tomcat]
2021-04-07 12:08:45.398  INFO 12748 --- [main] ConditionEvaluationReportLoggingListener : 

Error starting ApplicationContext. To display the conditions report re-run your application with 'debug' enabled.
2021-04-07 12:08:45.401 ERROR 12748 --- [main] o.s.b.d.LoggingFailureAnalysisReporter   : 

***************************
APPLICATION FAILED TO START
***************************

Description:

Web server failed to start. Port 9393 was already in use.

Action:

Identify and stop the process that's listening on port 9393 or configure this application to listen on another port.

2021-04-07 12:11:27.192  INFO 6156 --- [main] c.cg.osm.OnlineSweetMartAppApplication   : Starting OnlineSweetMartAppApplication on DESKTOP-0MR8NH0 with PID 6156 (C:\Users\S.JEEVETHA\git\OnlineSweetMartApplication1\OnlineSweetMartApp\bin\main started by S.JEEVETHA in C:\Users\S.JEEVETHA\git\OnlineSweetMartApplication1\OnlineSweetMartApp)
2021-04-07 12:11:27.206  INFO 6156 --- [main] c.cg.osm.OnlineSweetMartAppApplication   : No active profile set, falling back to default profiles: default
2021-04-07 12:11:28.404  INFO 6156 --- [main] .s.d.r.c.RepositoryConfigurationDelegate : Bootstrapping Spring Data JPA repositories in DEFAULT mode.
2021-04-07 12:11:28.559  INFO 6156 --- [main] .s.d.r.c.RepositoryConfigurationDelegate : Finished Spring Data repository scanning in 145ms. Found 9 JPA repository interfaces.
2021-04-07 12:11:29.303  INFO 6156 --- [main] o.s.b.w.embedded.tomcat.TomcatWebServer  : Tomcat initialized with port(s): 9090 (http)
2021-04-07 12:11:29.316  INFO 6156 --- [main] o.apache.catalina.core.StandardService   : Starting service [Tomcat]
2021-04-07 12:11:29.316  INFO 6156 --- [main] org.apache.catalina.core.StandardEngine  : Starting Servlet engine: [Apache Tomcat/9.0.43]
2021-04-07 12:11:29.467  INFO 6156 --- [main] o.a.c.c.C.[Tomcat].[localhost].[/]       : Initializing Spring embedded WebApplicationContext
2021-04-07 12:11:29.468  INFO 6156 --- [main] w.s.c.ServletWebServerApplicationContext : Root WebApplicationContext: initialization completed in 2166 ms
2021-04-07 12:11:29.754  INFO 6156 --- [main] o.hibernate.jpa.internal.util.LogHelper  : HHH000204: Processing PersistenceUnitInfo [name: default]
2021-04-07 12:11:29.811  INFO 6156 --- [main] org.hibernate.Version                    : HHH000412: Hibernate ORM core version 5.4.28.Final
2021-04-07 12:11:29.944  INFO 6156 --- [main] o.hibernate.annotations.common.Version   : HCANN000001: Hibernate Commons Annotations {5.1.2.Final}
2021-04-07 12:11:30.042  INFO 6156 --- [main] com.zaxxer.hikari.HikariDataSource       : HikariPool-1 - Starting...
2021-04-07 12:11:30.201  INFO 6156 --- [main] com.zaxxer.hikari.HikariDataSource       : HikariPool-1 - Start completed.
2021-04-07 12:11:30.250  INFO 6156 --- [main] org.hibernate.dialect.Dialect            : HHH000400: Using dialect: org.hibernate.dialect.PostgreSQL10Dialect
2021-04-07 12:11:31.949  INFO 6156 --- [main] o.h.e.t.j.p.i.JtaPlatformInitiator       : HHH000490: Using JtaPlatform implementation: [org.hibernate.engine.transaction.jta.platform.internal.NoJtaPlatform]
2021-04-07 12:11:31.961  INFO 6156 --- [main] j.LocalContainerEntityManagerFactoryBean : Initialized JPA EntityManagerFactory for persistence unit 'default'
2021-04-07 12:11:32.700  WARN 6156 --- [main] JpaBaseConfiguration$JpaWebConfiguration : spring.jpa.open-in-view is enabled by default. Therefore, database queries may be performed during view rendering. Explicitly configure spring.jpa.open-in-view to disable this warning
2021-04-07 12:11:32.871  INFO 6156 --- [main] o.s.s.concurrent.ThreadPoolTaskExecutor  : Initializing ExecutorService 'applicationTaskExecutor'
2021-04-07 12:11:33.132  WARN 6156 --- [main] ConfigServletWebServerApplicationContext : Exception encountered during context initialization - cancelling refresh attempt: org.springframework.context.ApplicationContextException: Failed to start bean 'webServerStartStop'; nested exception is org.springframework.boot.web.server.PortInUseException: Port 9090 is already in use
2021-04-07 12:11:33.134  INFO 6156 --- [main] o.s.s.concurrent.ThreadPoolTaskExecutor  : Shutting down ExecutorService 'applicationTaskExecutor'
2021-04-07 12:11:33.139  INFO 6156 --- [main] j.LocalContainerEntityManagerFactoryBean : Closing JPA EntityManagerFactory for persistence unit 'default'
2021-04-07 12:11:33.144  INFO 6156 --- [main] com.zaxxer.hikari.HikariDataSource       : HikariPool-1 - Shutdown initiated...
2021-04-07 12:11:33.150  INFO 6156 --- [main] com.zaxxer.hikari.HikariDataSource       : HikariPool-1 - Shutdown completed.
2021-04-07 12:11:33.153  INFO 6156 --- [main] o.apache.catalina.core.StandardService   : Stopping service [Tomcat]
2021-04-07 12:11:33.171  INFO 6156 --- [main] ConditionEvaluationReportLoggingListener : 

Error starting ApplicationContext. To display the conditions report re-run your application with 'debug' enabled.
2021-04-07 12:11:33.176 ERROR 6156 --- [main] o.s.b.d.LoggingFailureAnalysisReporter   : 

***************************
APPLICATION FAILED TO START
***************************

Description:

Web server failed to start. Port 9090 was already in use.

Action:

Identify and stop the process that's listening on port 9090 or configure this application to listen on another port.

2021-04-07 12:12:29.010  INFO 5480 --- [main] c.cg.osm.OnlineSweetMartAppApplication   : Starting OnlineSweetMartAppApplication on DESKTOP-0MR8NH0 with PID 5480 (C:\Users\S.JEEVETHA\git\OnlineSweetMartApplication1\OnlineSweetMartApp\bin\main started by S.JEEVETHA in C:\Users\S.JEEVETHA\git\OnlineSweetMartApplication1\OnlineSweetMartApp)
2021-04-07 12:12:29.018  INFO 5480 --- [main] c.cg.osm.OnlineSweetMartAppApplication   : No active profile set, falling back to default profiles: default
2021-04-07 12:12:30.089  INFO 5480 --- [main] .s.d.r.c.RepositoryConfigurationDelegate : Bootstrapping Spring Data JPA repositories in DEFAULT mode.
2021-04-07 12:12:30.237  INFO 5480 --- [main] .s.d.r.c.RepositoryConfigurationDelegate : Finished Spring Data repository scanning in 135ms. Found 9 JPA repository interfaces.
2021-04-07 12:12:30.922  INFO 5480 --- [main] o.s.b.w.embedded.tomcat.TomcatWebServer  : Tomcat initialized with port(s): 9090 (http)
2021-04-07 12:12:30.930  INFO 5480 --- [main] o.apache.catalina.core.StandardService   : Starting service [Tomcat]
2021-04-07 12:12:30.930  INFO 5480 --- [main] org.apache.catalina.core.StandardEngine  : Starting Servlet engine: [Apache Tomcat/9.0.43]
2021-04-07 12:12:31.130  INFO 5480 --- [main] o.a.c.c.C.[Tomcat].[localhost].[/]       : Initializing Spring embedded WebApplicationContext
2021-04-07 12:12:31.130  INFO 5480 --- [main] w.s.c.ServletWebServerApplicationContext : Root WebApplicationContext: initialization completed in 2029 ms
2021-04-07 12:12:31.422  INFO 5480 --- [main] o.hibernate.jpa.internal.util.LogHelper  : HHH000204: Processing PersistenceUnitInfo [name: default]
2021-04-07 12:12:31.464  INFO 5480 --- [main] org.hibernate.Version                    : HHH000412: Hibernate ORM core version 5.4.28.Final
2021-04-07 12:12:31.591  INFO 5480 --- [main] o.hibernate.annotations.common.Version   : HCANN000001: Hibernate Commons Annotations {5.1.2.Final}
2021-04-07 12:12:31.672  INFO 5480 --- [main] com.zaxxer.hikari.HikariDataSource       : HikariPool-1 - Starting...
2021-04-07 12:12:31.797  INFO 5480 --- [main] com.zaxxer.hikari.HikariDataSource       : HikariPool-1 - Start completed.
2021-04-07 12:12:31.868  INFO 5480 --- [main] org.hibernate.dialect.Dialect            : HHH000400: Using dialect: org.hibernate.dialect.PostgreSQL10Dialect
2021-04-07 12:12:33.646  INFO 5480 --- [main] o.h.e.t.j.p.i.JtaPlatformInitiator       : HHH000490: Using JtaPlatform implementation: [org.hibernate.engine.transaction.jta.platform.internal.NoJtaPlatform]
2021-04-07 12:12:33.656  INFO 5480 --- [main] j.LocalContainerEntityManagerFactoryBean : Initialized JPA EntityManagerFactory for persistence unit 'default'
2021-04-07 12:12:34.459  WARN 5480 --- [main] JpaBaseConfiguration$JpaWebConfiguration : spring.jpa.open-in-view is enabled by default. Therefore, database queries may be performed during view rendering. Explicitly configure spring.jpa.open-in-view to disable this warning
2021-04-07 12:12:34.575  INFO 5480 --- [main] o.s.s.concurrent.ThreadPoolTaskExecutor  : Initializing ExecutorService 'applicationTaskExecutor'
2021-04-07 12:12:34.818  WARN 5480 --- [main] ConfigServletWebServerApplicationContext : Exception encountered during context initialization - cancelling refresh attempt: org.springframework.context.ApplicationContextException: Failed to start bean 'webServerStartStop'; nested exception is org.springframework.boot.web.server.PortInUseException: Port 9090 is already in use
2021-04-07 12:12:34.819  INFO 5480 --- [main] o.s.s.concurrent.ThreadPoolTaskExecutor  : Shutting down ExecutorService 'applicationTaskExecutor'
2021-04-07 12:12:34.821  INFO 5480 --- [main] j.LocalContainerEntityManagerFactoryBean : Closing JPA EntityManagerFactory for persistence unit 'default'
2021-04-07 12:12:34.827  INFO 5480 --- [main] com.zaxxer.hikari.HikariDataSource       : HikariPool-1 - Shutdown initiated...
2021-04-07 12:12:34.831  INFO 5480 --- [main] com.zaxxer.hikari.HikariDataSource       : HikariPool-1 - Shutdown completed.
2021-04-07 12:12:34.833  INFO 5480 --- [main] o.apache.catalina.core.StandardService   : Stopping service [Tomcat]
2021-04-07 12:12:34.850  INFO 5480 --- [main] ConditionEvaluationReportLoggingListener : 

Error starting ApplicationContext. To display the conditions report re-run your application with 'debug' enabled.
2021-04-07 12:12:34.853 ERROR 5480 --- [main] o.s.b.d.LoggingFailureAnalysisReporter   : 

***************************
APPLICATION FAILED TO START
***************************

Description:

Web server failed to start. Port 9090 was already in use.

Action:

Identify and stop the process that's listening on port 9090 or configure this application to listen on another port.

2021-04-07 20:58:00.834  INFO 10832 --- [RMI TCP Connection(533)-127.0.0.1] inMXBeanRegistrar$SpringApplicationAdmin : Application shutdown requested.
2021-04-07 20:58:01.699  INFO 10832 --- [RMI TCP Connection(533)-127.0.0.1] o.s.s.concurrent.ThreadPoolTaskExecutor  : Shutting down ExecutorService 'applicationTaskExecutor'
2021-04-07 20:58:01.712  INFO 10832 --- [RMI TCP Connection(533)-127.0.0.1] j.LocalContainerEntityManagerFactoryBean : Closing JPA EntityManagerFactory for persistence unit 'default'
2021-04-07 20:58:01.881  INFO 10832 --- [RMI TCP Connection(533)-127.0.0.1] com.zaxxer.hikari.HikariDataSource       : HikariPool-1 - Shutdown initiated...
2021-04-07 20:58:01.899  INFO 10832 --- [RMI TCP Connection(533)-127.0.0.1] com.zaxxer.hikari.HikariDataSource       : HikariPool-1 - Shutdown completed.
